<?xml version="1.0" encoding="UTF-8"?>
<!-- Generated by org.testng.reporters.JUnitReportReporter -->
<testsuite hostname="DESKTOP-U3UA2VB" failures="0" tests="7" name="com.qa.opencart.tests.AccountPageTest" time="1.242" errors="0" timestamp="28 Feb 2021 11:45:56 GMT" skipped="0">
  <testcase classname="com.qa.opencart.tests.AccountPageTest" name="accountPageTitleTest" time="0.034"/>
  <testcase classname="com.qa.opencart.tests.AccountPageTest" name="rightSideMenu" time="0.149"/>
  <testcase classname="com.qa.opencart.tests.AccountPageTest" name="accountPageUrlTest" time="0.044"/>
  <testcase classname="com.qa.opencart.tests.AccountPageTest" name="totalSectionTest" time="0.243"/>
  <testcase classname="com.qa.opencart.tests.AccountPageTest" name="accountPageLogoTest" time="0.309"/>
  <testcase classname="com.qa.opencart.tests.AccountPageTest" name="accountSectionList" time="0.362"/>
  <testcase classname="com.qa.opencart.tests.AccountPageTest" name="accountBreadCrumTest" time="0.101"/>
</testsuite> <!-- com.qa.opencart.tests.AccountPageTest -->
