<?xml version="1.0" encoding="UTF-8"?>
<!-- Generated by org.testng.reporters.JUnitReportReporter -->
<testsuite hostname="DESKTOP-U3UA2VB" failures="0" tests="1" name="com.qa.opencart.tests.ProductInfoTest" time="8.681" errors="0" timestamp="28 Feb 2021 11:45:56 GMT" skipped="0">
  <testcase classname="com.qa.opencart.tests.ProductInfoTest" name="verifyProductInfoTest" time="8.681"/>
</testsuite> <!-- com.qa.opencart.tests.ProductInfoTest -->
