<?xml version="1.0" encoding="UTF-8"?>
<!-- Generated by org.testng.reporters.JUnitReportReporter -->
<testsuite hostname="DESKTOP-U3UA2VB" failures="0" tests="5" name="com.qa.opencart.tests.ProductSearchTest" time="0.733" errors="0" timestamp="28 Feb 2021 11:45:56 GMT" skipped="0">
  <testcase classname="com.qa.opencart.tests.ProductSearchTest" name="searchProductUrlTest" time="0.048"/>
  <testcase classname="com.qa.opencart.tests.ProductSearchTest" name="searchProductTitleTest" time="0.026"/>
  <testcase classname="com.qa.opencart.tests.ProductSearchTest" name="searchProductCount" time="0.057"/>
  <testcase classname="com.qa.opencart.tests.ProductSearchTest" name="breadcrumbTest" time="0.419"/>
  <testcase classname="com.qa.opencart.tests.ProductSearchTest" name="searchBoxDisplayedTest" time="0.183"/>
</testsuite> <!-- com.qa.opencart.tests.ProductSearchTest -->
