<?xml version="1.0" encoding="UTF-8"?>
<!-- Generated by org.testng.reporters.JUnitReportReporter -->
<testsuite hostname="DESKTOP-U3UA2VB" failures="0" tests="4" name="com.qa.opencart.tests.LoginPageTest" time="5.989" errors="0" timestamp="28 Feb 2021 11:45:56 GMT" skipped="0">
  <testcase classname="com.qa.opencart.tests.LoginPageTest" name="loginPageTitleTest" time="0.863"/>
  <testcase classname="com.qa.opencart.tests.LoginPageTest" name="forgotPasswordlnkTest" time="0.962"/>
  <testcase classname="com.qa.opencart.tests.LoginPageTest" name="urlTest" time="0.159"/>
  <testcase classname="com.qa.opencart.tests.LoginPageTest" name="doLoginTest" time="4.005"/>
</testsuite> <!-- com.qa.opencart.tests.LoginPageTest -->
