<?xml version="1.0" encoding="UTF-8"?>
<!-- Generated by org.testng.reporters.JUnitReportReporter -->
<testsuite hostname="DESKTOP-U3UA2VB" failures="0" tests="4" name="com.qa.opencart.base.LoginPageTest" time="4.193" errors="0" timestamp="27 Feb 2021 12:12:09 GMT" skipped="0">
  <testcase classname="com.qa.opencart.base.LoginPageTest" name="loginPageTitleTest" time="0.576"/>
  <testcase classname="com.qa.opencart.base.LoginPageTest" name="forgotPasswordlnkTest" time="0.295"/>
  <testcase classname="com.qa.opencart.base.LoginPageTest" name="urlTest" time="0.021"/>
  <testcase classname="com.qa.opencart.base.LoginPageTest" name="doLoginTest" time="3.301"/>
</testsuite> <!-- com.qa.opencart.base.LoginPageTest -->
